<?xml version="1.0" encoding="UTF-8"?>
<!-- Generated by org.testng.reporters.JUnitReportReporter -->
<testsuite skipped="0" hostname="WINDOWS-Q5B8OOA" name="ChromeTest" tests="12" failures="1" timestamp="2020-06-08T14:53:08 CEST" time="26.924" errors="0">
  <testcase name="secondInputTest" time="0.728" classname="ChromeTest"/>
  <system-out/>
  <testcase name="secondInputTestIncorrect" time="0.628" classname="ChromeTest"/>
  <system-out/>
  <testcase name="alertTest3OKInput" time="0.326" classname="ChromeTest"/>
  <system-out/>
  <testcase name="popupWindowsTest" time="5.996" classname="ChromeTest"/>
  <system-out/>
  <testcase name="selectMultiList" time="5.358" classname="ChromeTest">
    <failure type="java.lang.AssertionError" message="expected [true] but found [false]">
      <![CDATA[java.lang.AssertionError: expected [true] but found [false]
at org.testng.Assert.fail(Assert.java:97)
at org.testng.Assert.failNotEquals(Assert.java:969)
at org.testng.Assert.assertTrue(Assert.java:43)
at org.testng.Assert.assertTrue(Assert.java:53)
at ChromeTest.selectMultiList(ChromeTest.java:228)
at sun.reflect.NativeMethodAccessorImpl.invoke0(Native Method)
at sun.reflect.NativeMethodAccessorImpl.invoke(NativeMethodAccessorImpl.java:62)
at sun.reflect.DelegatingMethodAccessorImpl.invoke(DelegatingMethodAccessorImpl.java:43)
at java.lang.reflect.Method.invoke(Method.java:498)
at org.testng.internal.MethodInvocationHelper.invokeMethod(MethodInvocationHelper.java:134)
at org.testng.internal.TestInvoker.invokeMethod(TestInvoker.java:597)
at org.testng.internal.TestInvoker.invokeTestMethod(TestInvoker.java:173)
at org.testng.internal.MethodRunner.runInSequence(MethodRunner.java:46)
at org.testng.internal.TestInvoker$MethodInvocationAgent.invoke(TestInvoker.java:816)
at org.testng.internal.TestInvoker.invokeTestMethods(TestInvoker.java:146)
at org.testng.internal.TestMethodWorker.invokeTestMethods(TestMethodWorker.java:146)
at org.testng.internal.TestMethodWorker.run(TestMethodWorker.java:128)
at java.util.ArrayList.forEach(ArrayList.java:1257)
at org.testng.TestRunner.privateRun(TestRunner.java:766)
at org.testng.TestRunner.run(TestRunner.java:587)
at org.testng.SuiteRunner.runTest(SuiteRunner.java:384)
at org.testng.SuiteRunner.runSequentially(SuiteRunner.java:378)
at org.testng.SuiteRunner.privateRun(SuiteRunner.java:337)
at org.testng.SuiteRunner.run(SuiteRunner.java:286)
at org.testng.SuiteRunnerWorker.runSuite(SuiteRunnerWorker.java:53)
at org.testng.SuiteRunnerWorker.run(SuiteRunnerWorker.java:96)
at org.testng.TestNG.runSuitesSequentially(TestNG.java:1187)
at org.testng.TestNG.runSuitesLocally(TestNG.java:1109)
at org.testng.TestNG.runSuites(TestNG.java:1039)
at org.testng.TestNG.run(TestNG.java:1007)
at org.apache.maven.surefire.testng.TestNGExecutor.run(TestNGExecutor.java:283)
at org.apache.maven.surefire.testng.TestNGXmlTestSuite.execute(TestNGXmlTestSuite.java:75)
at org.apache.maven.surefire.testng.TestNGProvider.invoke(TestNGProvider.java:120)
at org.apache.maven.surefire.booter.ForkedBooter.runSuitesInProcess(ForkedBooter.java:377)
at org.apache.maven.surefire.booter.ForkedBooter.execute(ForkedBooter.java:138)
at org.apache.maven.surefire.booter.ForkedBooter.run(ForkedBooter.java:465)
at org.apache.maven.surefire.booter.ForkedBooter.main(ForkedBooter.java:451)
]]>
    </failure>
  </testcase> <!-- selectMultiList -->
  <system-out>
Florida Ohio Texas  </system-out>
  <testcase name="alertTest2OK" time="0.267" classname="ChromeTest"/>
  <system-out/>
  <testcase name="alertTest2Cancel" time="0.580" classname="ChromeTest"/>
  <system-out/>
  <testcase name="googleListTest" time="2.720" classname="ChromeTest"/>
  <system-out>
10  </system-out>
  <testcase name="ajaxTest" time="2.533" classname="ChromeTest"/>
  <system-out/>
  <testcase name="alertTest1" time="1.253" classname="ChromeTest"/>
  <system-out/>
  <testcase name="firstInputTest" time="5.589" classname="ChromeTest"/>
  <system-out/>
  <testcase name="selectListTest" time="0.946" classname="ChromeTest"/>
  <system-out/>
</testsuite> <!-- ChromeTest -->
