<?xml version="1.0" encoding="UTF-8"?>
<!-- Generated by org.testng.reporters.JUnitXMLReporter -->
<testsuite hostname="WINDOWS-Q5B8OOA" ignored="0" tests="12" failures="1" timestamp="2020-06-08T14:53:08 CEST" time="32.046" errors="0">
  <testcase name="firstInputTest" time="5.589" classname="ChromeTest"/>
  <testcase name="secondInputTest" time="0.728" classname="ChromeTest"/>
  <testcase name="secondInputTestIncorrect" time="0.628" classname="ChromeTest"/>
  <testcase name="googleListTest" time="2.72" classname="ChromeTest"/>
  <testcase name="ajaxTest" time="2.533" classname="ChromeTest"/>
  <testcase name="popupWindowsTest" time="5.996" classname="ChromeTest"/>
  <testcase name="alertTest1" time="1.253" classname="ChromeTest"/>
  <testcase name="alertTest2Cancel" time="0.58" classname="ChromeTest"/>
  <testcase name="alertTest2OK" time="0.267" classname="ChromeTest"/>
  <testcase name="alertTest3OKInput" time="0.326" classname="ChromeTest"/>
  <testcase name="selectListTest" time="0.946" classname="ChromeTest"/>
  <testcase name="selectMultiList" time="5.358" classname="ChromeTest">
    <failure type="java.lang.AssertionError" message="expected [true] but found [false]">
      <![CDATA[java.lang.AssertionError: expected [true] but found [false]
at ChromeTest.selectMultiList(ChromeTest.java:228)
at java.util.ArrayList.forEach(ArrayList.java:1257)
... Removed 35 stack frames]]>
    </failure>
  </testcase> <!-- selectMultiList -->
</testsuite>
